<?xml version="1.0" encoding="UTF-8"?>
<!-- Generated by org.testng.reporters.JUnitReportReporter -->
<testsuite hostname="DESKTOP-EG2TCBN" failures="0" tests="1" name="testNG_Annotation.Study2" time="0.011" errors="0" timestamp="2022-06-30T13:09:43 IST" skipped="0">
  <testcase classname="testNG_Annotation.Study2" name="recharge" time="0.011"/>
  <system-out>
    <![CDATA[Reacharge Successfull...]]>
  </system-out>
</testsuite> <!-- testNG_Annotation.Study2 -->
