<?xml version="1.0" encoding="UTF-8"?>
<!-- Generated by org.testng.reporters.JUnitReportReporter -->
<testsuite hostname="DESKTOP-EG2TCBN" failures="0" tests="3" name="testNG_Keywords.enabled" time="0.024" errors="0" timestamp="2022-06-30T13:58:18 IST" skipped="1">
  <testcase classname="testNG_Keywords.enabled" name="c" time="0.003"/>
  <system-out>
    <![CDATA[Hi Good Night]]>
  </system-out>
  <testcase classname="testNG_Keywords.enabled" name="a" time="0.021"/>
  <system-out>
    <![CDATA[Hi Good Morning]]>
  </system-out>
  <testcase classname="testNG_Keywords.enabled" name="b">
    <skipped/>
  </testcase> <!-- b -->
  <system-out/>
</testsuite> <!-- testNG_Keywords.enabled -->
