<?xml version="1.0" encoding="UTF-8"?>
<!-- Generated by org.testng.reporters.JUnitReportReporter -->
<testsuite hostname="DESKTOP-EG2TCBN" failures="0" tests="1" name="testNG_Keywords.DependsOnMethods" time="0.554" errors="0" timestamp="2022-06-23T16:17:15 IST" skipped="0">
  <testcase classname="testNG_Keywords.DependsOnMethods" name="a" time="0.554"/>
  <system-out>
    <![CDATA[Hi Good Morning]]>
  </system-out>
</testsuite> <!-- testNG_Keywords.DependsOnMethods -->
