<?xml version="1.0" encoding="UTF-8"?>
<!-- Generated by org.testng.reporters.JUnitReportReporter -->
<testsuite hostname="DESKTOP-EG2TCBN" failures="0" tests="3" name="testNG_Keywords.Invocation_count" time="0.021" errors="0" timestamp="2022-06-22T20:00:27 IST" skipped="0">
  <testcase classname="testNG_Keywords.Invocation_count" name="myTest" time="0.002"/>
  <system-out>
    <![CDATA[Hello]]>
  </system-out>
  <testcase classname="testNG_Keywords.Invocation_count" name="myTest" time="0.004"/>
  <system-out>
    <![CDATA[Hello]]>
  </system-out>
  <testcase classname="testNG_Keywords.Invocation_count" name="myTest" time="0.015"/>
  <system-out>
    <![CDATA[Hello]]>
  </system-out>
</testsuite> <!-- testNG_Keywords.Invocation_count -->
