<?xml version="1.0" encoding="UTF-8"?>
<!-- Generated by org.testng.reporters.JUnitReportReporter -->
<testsuite hostname="DESKTOP-EG2TCBN" failures="0" tests="2" name="crossBrowserTesting.Compatibility" time="78.046" errors="0" timestamp="2022-07-05T19:44:33 IST" skipped="0">
  <testcase classname="crossBrowserTesting.Compatibility" name="myMethod" time="33.243"/>
  <system-out/>
  <testcase classname="crossBrowserTesting.Compatibility" name="myMethod" time="44.803"/>
  <system-out/>
</testsuite> <!-- crossBrowserTesting.Compatibility -->
