<?xml version="1.0" encoding="UTF-8"?>
<!-- Generated by org.testng.reporters.JUnitReportReporter -->
<testsuite hostname="DESKTOP-EG2TCBN" failures="0" tests="2" name="testNG_Annotation.PreSelection_of_Annotations" time="0.011" errors="0" timestamp="2022-06-30T13:09:43 IST" skipped="0">
  <testcase classname="testNG_Annotation.PreSelection_of_Annotations" name="validateUserName" time="0.006"/>
  <system-out>
    <![CDATA[UserName Validated]]>
  </system-out>
  <testcase classname="testNG_Annotation.PreSelection_of_Annotations" name="validateDashBoard" time="0.005"/>
  <system-out>
    <![CDATA[DashBoard Validated]]>
  </system-out>
</testsuite> <!-- testNG_Annotation.PreSelection_of_Annotations -->
