<?xml version="1.0" encoding="UTF-8"?>
<!-- Generated by org.testng.reporters.JUnitReportReporter -->
<testsuite hostname="DESKTOP-EG2TCBN" failures="0" tests="3" name="testNG_Keywords.Priority" time="0.022" errors="0" timestamp="2022-06-23T15:22:01 IST" skipped="0">
  <testcase classname="testNG_Keywords.Priority" name="myMethod1" time="0.016"/>
  <system-out>
    <![CDATA[Hi Good Morning]]>
  </system-out>
  <testcase classname="testNG_Keywords.Priority" name="a" time="0.003"/>
  <system-out>
    <![CDATA[Hi Good Afternoon]]>
  </system-out>
  <testcase classname="testNG_Keywords.Priority" name="myMethod2" time="0.003"/>
  <system-out>
    <![CDATA[Hi Good Night]]>
  </system-out>
</testsuite> <!-- testNG_Keywords.Priority -->
