<?xml version="1.0" encoding="UTF-8"?>
<!-- Generated by org.testng.reporters.JUnitReportReporter -->
<testsuite hostname="DESKTOP-EG2TCBN" failures="0" tests="1" name="testNG.Sample1" time="25.593" errors="0" timestamp="2022-06-21T21:55:13 IST" skipped="0">
  <testcase classname="testNG.Sample1" name="myMethod" time="25.593"/>
  <system-out>
    <![CDATA[Hi this is reporter output
Hi this is reporter output with true]]>
  </system-out>
</testsuite> <!-- testNG.Sample1 -->
