<?xml version="1.0" encoding="UTF-8"?>
<!-- Generated by org.testng.reporters.JUnitReportReporter -->
<testsuite hostname="DESKTOP-EG2TCBN" failures="0" tests="2" name="testNG.Sample2" time="52.293" errors="0" timestamp="2022-07-01T13:18:54 IST" skipped="0">
  <testcase classname="testNG.Sample2" name="myMethod2" time="11.782"/>
  <system-out>
    <![CDATA[kite Zeroda]]>
  </system-out>
  <testcase classname="testNG.Sample2" name="myMethod" time="40.511"/>
  <system-out>
    <![CDATA[vctcp]]>
  </system-out>
</testsuite> <!-- testNG.Sample2 -->
