<?xml version="1.0" encoding="UTF-8"?>
<!-- Generated by org.testng.reporters.JUnitReportReporter -->
<testsuite hostname="DESKTOP-EG2TCBN" failures="0" tests="1" name="Hard_Assertions_OR_TestNG_verifications.assertTrue_and_assertFalse" time="0.017" errors="0" timestamp="2022-06-28T15:58:40 IST" skipped="0">
  <testcase classname="Hard_Assertions_OR_TestNG_verifications.assertTrue_and_assertFalse" name="myMethod1" time="0.017"/>
  <system-out>
    <![CDATA[TC is passed value is true 
TC is passed value is false]]>
  </system-out>
</testsuite> <!-- Hard_Assertions_OR_TestNG_verifications.assertTrue_and_assertFalse -->
