<?xml version="1.0" encoding="UTF-8"?>
<!-- Generated by org.testng.reporters.JUnitReportReporter -->
<testsuite hostname="DESKTOP-EG2TCBN" failures="0" tests="1" name="kiteTest.TestClass_with_PropertyFile" time="7.877" errors="0" timestamp="2022-07-04T23:16:45 IST" skipped="0">
  <testcase classname="kiteTest.TestClass_with_PropertyFile" name="validateUserID" time="7.877"/>
  <system-out>
    <![CDATA[Acual User name and Expected User name are matched, TC is PASSED ]]>
  </system-out>
</testsuite> <!-- kiteTest.TestClass_with_PropertyFile -->
