<?xml version="1.0" encoding="UTF-8"?>
<!-- Generated by org.testng.reporters.JUnitReportReporter -->
<testsuite hostname="DESKTOP-EG2TCBN" failures="0" tests="2" name="Hard_Assertions_OR_TestNG_verifications.Equals_and_NotEquals" time="0.019" errors="0" timestamp="2022-06-28T15:53:03 IST" skipped="0">
  <testcase classname="Hard_Assertions_OR_TestNG_verifications.Equals_and_NotEquals" name="myMethod1" time="0.017"/>
  <system-out>
    <![CDATA[ a and b values are matching, TC PASSED]]>
  </system-out>
  <testcase classname="Hard_Assertions_OR_TestNG_verifications.Equals_and_NotEquals" name="myMethod2" time="0.002"/>
  <system-out>
    <![CDATA[ x and y values are not matching TC Passed]]>
  </system-out>
</testsuite> <!-- Hard_Assertions_OR_TestNG_verifications.Equals_and_NotEquals -->
