<?xml version="1.0" encoding="UTF-8"?>
<!-- Generated by org.testng.reporters.JUnitReportReporter -->
<testsuite hostname="DESKTOP-EG2TCBN" failures="0" tests="1" name="kitePOMwith_TestNG.Test_ValidateUserID" time="7.523" errors="0" timestamp="2022-07-02T01:26:07 IST" skipped="0">
  <testcase classname="kitePOMwith_TestNG.Test_ValidateUserID" name="validateKiteUserID" time="7.523"/>
  <system-out>
    <![CDATA[Actual and Expected UserName are Matching, Test Case is PASSED]]>
  </system-out>
</testsuite> <!-- kitePOMwith_TestNG.Test_ValidateUserID -->
