<?xml version="1.0" encoding="UTF-8"?>
<!-- Generated by org.testng.reporters.JUnitReportReporter -->
<testsuite hostname="DESKTOP-EG2TCBN" failures="0" tests="2" name="testNG_Annotation.Annotation_study1" time="23.357" errors="0" timestamp="2022-06-30T13:09:43 IST" skipped="0">
  <testcase classname="testNG_Annotation.Annotation_study1" name="myMethod2" time="8.113"/>
  <system-out>
    <![CDATA[Hi this is myMethod 2]]>
  </system-out>
  <testcase classname="testNG_Annotation.Annotation_study1" name="myMethod1" time="15.244"/>
  <system-out>
    <![CDATA[Hi this is myMethod 1]]>
  </system-out>
</testsuite> <!-- testNG_Annotation.Annotation_study1 -->
