<?xml version="1.0" encoding="UTF-8"?>
<!-- Generated by org.testng.reporters.JUnitReportReporter -->
<testsuite hostname="DESKTOP-EG2TCBN" failures="0" tests="1" name="kiteTest.TestClass" time="9.849" errors="0" timestamp="2022-06-30T18:32:11 IST" skipped="0">
  <testcase classname="kiteTest.TestClass" name="validateUserID" time="9.849"/>
  <system-out>
    <![CDATA[Actual and Expected UserName are Matching, Test Case is PASSED]]>
  </system-out>
</testsuite> <!-- kiteTest.TestClass -->
